[ N 2018-05-17 17:27:51.0583 29792/T1 age/Wat/WatchdogMain.cpp:1259 ]: Starting Passenger watchdog...
[ N 2018-05-17 17:27:51.1553 29795/T1 age/Cor/CoreMain.cpp:1236 ]: Starting Passenger core...
[ N 2018-05-17 17:27:51.1555 29795/T1 age/Cor/CoreMain.cpp:251 ]: Passenger core running in multi-application mode.
[ N 2018-05-17 17:27:51.2017 29795/T1 age/Cor/CoreMain.cpp:971 ]: Passenger core online, PID 29795
[ N 2018-05-17 17:27:53.4888 29795/T5 age/Cor/SecurityUpdateChecker.h:517 ]: Security update check: no update found (next check in 24 hours)
App 29829 output: Traceback (most recent call last):
App 29829 output:   File "/usr/share/passenger/helper-scripts/wsgi-loader.py", line 369, in <module>
App 29829 output:     app_module = load_app()
App 29829 output:   File "/usr/share/passenger/helper-scripts/wsgi-loader.py", line 76, in load_app
App 29829 output:     return imp.load_source('passenger_wsgi', startup_file)
App 29829 output:   File "/home/jean/Documents/scrape/scrapeapp/passenger_wsgi.py", line 2, in <module>
App 29829 output:     from hello import app as application
App 29829 output:   File "/home/jean/Documents/scrape/scrapeapp/hello.py", line 1, in <module>
App 29829 output:     from flask import Flask, render_template, request
App 29829 output: ImportError: No module named flask
[ E 2018-05-17 17:27:54.3294 29795/Te age/Cor/App/Implementation.cpp:221 ]: Could not spawn process for application /home/jean/Documents/scrape/scrapeapp: The application process exited prematurely.
  Error ID: e670485d
  Error details saved to: /tmp/passenger-error-MLevw1.html

[ E 2018-05-17 17:27:54.3386 29795/T8 age/Cor/Con/CheckoutSession.cpp:276 ]: [Client 1-1] Cannot checkout session because a spawning error occurred. The identifier of the error is e670485d. Please see earlier logs for details about the error.
App 29871 output: Traceback (most recent call last):
App 29871 output:   File "/usr/share/passenger/helper-scripts/wsgi-loader.py", line 369, in <module>
App 29871 output:     
App 29871 output: app_module = load_app()
App 29871 output:   File "/usr/share/passenger/helper-scripts/wsgi-loader.py", line 76, in load_app
App 29871 output:     
App 29871 output: return imp.load_source('passenger_wsgi', startup_file)
App 29871 output:   File "/home/jean/Documents/scrape/scrapeapp/passenger_wsgi.py", line 2, in <module>
App 29871 output:     
App 29871 output: from hello import app as application
App 29871 output:   File "/home/jean/Documents/scrape/scrapeapp/hello.py", line 1, in <module>
App 29871 output:     
App 29871 output: from flask import Flask, render_template, request
App 29871 output: ImportError
App 29871 output: : 
App 29871 output: No module named flask
App 29871 output: 
[ E 2018-05-17 17:28:11.2300 29795/Tj age/Cor/App/Implementation.cpp:221 ]: Could not spawn process for application /home/jean/Documents/scrape/scrapeapp: The application process exited prematurely.
  Error ID: 14c2dfd7
  Error details saved to: /tmp/passenger-error-alwcCx.html

[ E 2018-05-17 17:28:11.2395 29795/Ta age/Cor/Con/CheckoutSession.cpp:276 ]: [Client 2-1] Cannot checkout session because a spawning error occurred. The identifier of the error is 14c2dfd7. Please see earlier logs for details about the error.
App 29914 output: Traceback (most recent call last):
App 29914 output:   File "/usr/share/passenger/helper-scripts/wsgi-loader.py", line 369, in <module>
App 29914 output:     
App 29914 output: app_module = load_app()
App 29914 output:   File "/usr/share/passenger/helper-scripts/wsgi-loader.py", line 76, in load_app
App 29914 output:     
App 29914 output: return imp.load_source('passenger_wsgi', startup_file)
App 29914 output:   File "/home/jean/Documents/scrape/scrapeapp/passenger_wsgi.py", line 2, in <module>
App 29914 output:     
App 29914 output: from hello import app as application
App 29914 output:   File "/home/jean/Documents/scrape/scrapeapp/hello.py", line 1, in <module>
App 29914 output:     
App 29914 output: from flask import Flask, render_template, request
App 29914 output: ImportError
App 29914 output: : 
App 29914 output: No module named flask
App 29914 output: 
[ E 2018-05-17 17:28:11.9952 29795/To age/Cor/App/Implementation.cpp:221 ]: Could not spawn process for application /home/jean/Documents/scrape/scrapeapp: The application process exited prematurely.
  Error ID: 26840d63
  Error details saved to: /tmp/passenger-error-Mu3Dy6.html

[ E 2018-05-17 17:28:12.0153 29795/T8 age/Cor/Con/CheckoutSession.cpp:276 ]: [Client 1-2] Cannot checkout session because a spawning error occurred. The identifier of the error is 26840d63. Please see earlier logs for details about the error.
[ E 2018-05-17 17:28:12.0172 29795/Ta age/Cor/Con/CheckoutSession.cpp:276 ]: [Client 2-2] Cannot checkout session because a spawning error occurred. The identifier of the error is 26840d63. Please see earlier logs for details about the error.
App 29952 output: Traceback (most recent call last):
App 29952 output:   File "/usr/share/passenger/helper-scripts/wsgi-loader.py", line 369, in <module>
App 29952 output:     app_module = load_app()
App 29952 output:   File "/usr/share/passenger/helper-scripts/wsgi-loader.py", line 76, in load_app
App 29952 output:     return imp.load_source('passenger_wsgi', startup_file)
App 29952 output:   File "/home/jean/Documents/scrape/scrapeapp/passenger_wsgi.py", line 2, in <module>
App 29952 output:     from hello import app as application
App 29952 output:   File "/home/jean/Documents/scrape/scrapeapp/hello.py", line 1, in <module>
App 29952 output:     from flask import Flask, render_template, request
App 29952 output: ImportError: No module named flask
[ E 2018-05-17 17:28:22.7905 29795/Tt age/Cor/App/Implementation.cpp:221 ]: Could not spawn process for application /home/jean/Documents/scrape/scrapeapp: The application process exited prematurely.
  Error ID: 414a8f29
  Error details saved to: /tmp/passenger-error-2Rsovj.html

[ E 2018-05-17 17:28:22.8016 29795/T8 age/Cor/Con/CheckoutSession.cpp:276 ]: [Client 1-3] Cannot checkout session because a spawning error occurred. The identifier of the error is 414a8f29. Please see earlier logs for details about the error.

[ N 2018-05-17 17:31:55.7593 29795/T8 age/Cor/CoreMain.cpp:615 ]: Signal received. Gracefully shutting down... (send signal 2 more time(s) to force shutdown)
[ N 2018-05-17 17:31:55.7594 29795/T1 age/Cor/CoreMain.cpp:1148 ]: Received command to shutdown gracefully. Waiting until all clients have disconnected...
[ N 2018-05-17 17:31:55.7595 29795/Ta Ser/Server.h:903 ]: [ServerThr.2] Freed 0 spare client objects
[ N 2018-05-17 17:31:55.7595 29795/Ta Ser/Server.h:559 ]: [ServerThr.2] Shutdown finished
[ N 2018-05-17 17:31:55.7596 29795/T8 Ser/Server.h:903 ]: [ServerThr.1] Freed 0 spare client objects
[ N 2018-05-17 17:31:55.7596 29795/T8 Ser/Server.h:559 ]: [ServerThr.1] Shutdown finished
[ N 2018-05-17 17:31:55.7596 29795/Tc Ser/Server.h:903 ]: [ApiServer] Freed 0 spare client objects
[ N 2018-05-17 17:31:55.7596 29795/Tc Ser/Server.h:559 ]: [ApiServer] Shutdown finished
[ N 2018-05-17 17:31:55.7919 29795/T1 age/Cor/CoreMain.cpp:1221 ]: Passenger core shutdown finished
[ N 2018-05-17 23:19:25.7678 1577/T1 age/Wat/WatchdogMain.cpp:1259 ]: Starting Passenger watchdog...
[ N 2018-05-17 23:19:25.7974 1583/T1 age/Cor/CoreMain.cpp:1236 ]: Starting Passenger core...
[ N 2018-05-17 23:19:25.7977 1583/T1 age/Cor/CoreMain.cpp:251 ]: Passenger core running in multi-application mode.
[ N 2018-05-17 23:19:25.8097 1583/T1 age/Cor/CoreMain.cpp:971 ]: Passenger core online, PID 1583
[ N 2018-05-17 23:19:28.1081 1583/T5 age/Cor/SecurityUpdateChecker.h:517 ]: Security update check: no update found (next check in 24 hours)
App 1642 output: Traceback (most recent call last):
App 1642 output:   File "/usr/share/passenger/helper-scripts/wsgi-loader.py", line 369, in <module>
App 1642 output:     app_module = load_app()
App 1642 output:   File "/usr/share/passenger/helper-scripts/wsgi-loader.py", line 76, in load_app
App 1642 output:     return imp.load_source('passenger_wsgi', startup_file)
App 1642 output:   File "/home/jean/Documents/scrape/env/scrapeapp/lib/python3.5/imp.py", line 172, in load_source
App 1642 output:     module = _load(spec)
App 1642 output:   File "<frozen importlib._bootstrap>", line 693, in _load
App 1642 output:   File "<frozen importlib._bootstrap>", line 673, in _load_unlocked
App 1642 output:   File "<frozen importlib._bootstrap_external>", line 665, in exec_module
App 1642 output:   File "<frozen importlib._bootstrap>", line 222, in _call_with_frames_removed
App 1642 output:   File "/home/jean/Documents/scrape/scrapeapp/passenger_wsgi.py", line 2, in <module>
App 1642 output:     from hello import app as application
App 1642 output:   File "/home/jean/Documents/scrape/scrapeapp/hello.py", line 2, in <module>
App 1642 output:     import pythonFile
App 1642 output:   File "/home/jean/Documents/scrape/scrapeapp/pythonFile.py", line 1, in <module>
App 1642 output:     import urllib3
App 1642 output: ImportError: No module named 'urllib3'
[ E 2018-05-17 23:19:28.3360 1583/Te age/Cor/App/Implementation.cpp:221 ]: Could not spawn process for application /home/jean/Documents/scrape/scrapeapp: The application process exited prematurely.
  Error ID: e1c30d75
  Error details saved to: /tmp/passenger-error-lWjSJD.html

[ E 2018-05-17 23:19:28.3451 1583/T8 age/Cor/Con/CheckoutSession.cpp:276 ]: [Client 1-1] Cannot checkout session because a spawning error occurred. The identifier of the error is e1c30d75. Please see earlier logs for details about the error.

[ N 2018-05-17 23:20:46.1210 1583/T8 age/Cor/CoreMain.cpp:615 ]: Signal received. Gracefully shutting down... (send signal 2 more time(s) to force shutdown)
[ N 2018-05-17 23:20:46.1210 1583/T1 age/Cor/CoreMain.cpp:1148 ]: Received command to shutdown gracefully. Waiting until all clients have disconnected...
[ N 2018-05-17 23:20:46.1212 1583/T8 Ser/Server.h:903 ]: [ServerThr.1] Freed 0 spare client objects
[ N 2018-05-17 23:20:46.1212 1583/T8 Ser/Server.h:559 ]: [ServerThr.1] Shutdown finished
[ N 2018-05-17 23:20:46.1216 1583/Ta Ser/Server.h:903 ]: [ServerThr.2] Freed 0 spare client objects
[ N 2018-05-17 23:20:46.1216 1583/Ta Ser/Server.h:559 ]: [ServerThr.2] Shutdown finished
[ N 2018-05-17 23:20:46.1216 1583/Tc Ser/Server.h:903 ]: [ApiServer] Freed 0 spare client objects
[ N 2018-05-17 23:20:46.1217 1583/Tc Ser/Server.h:559 ]: [ApiServer] Shutdown finished
[ N 2018-05-17 23:20:46.1662 1583/T1 age/Cor/CoreMain.cpp:1221 ]: Passenger core shutdown finished
[ N 2018-05-17 23:24:20.6111 1846/T1 age/Wat/WatchdogMain.cpp:1259 ]: Starting Passenger watchdog...
[ N 2018-05-17 23:24:20.6412 1849/T1 age/Cor/CoreMain.cpp:1236 ]: Starting Passenger core...
[ N 2018-05-17 23:24:20.6415 1849/T1 age/Cor/CoreMain.cpp:251 ]: Passenger core running in multi-application mode.
[ N 2018-05-17 23:24:20.6557 1849/T1 age/Cor/CoreMain.cpp:971 ]: Passenger core online, PID 1849
[ N 2018-05-17 23:24:22.9406 1849/T5 age/Cor/SecurityUpdateChecker.h:517 ]: Security update check: no update found (next check in 24 hours)
App 1884 output: [ pid=1884, time=2018-05-17 23:24:54,157 ]: Exception on /send [POST]
App 1884 output: Traceback (most recent call last):
App 1884 output:   File "/home/jean/Documents/scrape/env/scrapeapp/lib/python3.5/site-packages/flask/app.py", line 2292, in wsgi_app
App 1884 output:     response = self.full_dispatch_request()
App 1884 output:   File "/home/jean/Documents/scrape/env/scrapeapp/lib/python3.5/site-packages/flask/app.py", line 1815, in full_dispatch_request
App 1884 output:     rv = self.handle_user_exception(e)
App 1884 output:   File "/home/jean/Documents/scrape/env/scrapeapp/lib/python3.5/site-packages/flask/app.py", line 1718, in handle_user_exception
App 1884 output:     reraise(exc_type, exc_value, tb)
App 1884 output:   File "/home/jean/Documents/scrape/env/scrapeapp/lib/python3.5/site-packages/flask/_compat.py", line 35, in reraise
App 1884 output:     raise value
App 1884 output:   File "/home/jean/Documents/scrape/env/scrapeapp/lib/python3.5/site-packages/flask/app.py", line 1813, in full_dispatch_request
App 1884 output:     rv = self.dispatch_request()
App 1884 output:   File "/home/jean/Documents/scrape/env/scrapeapp/lib/python3.5/site-packages/flask/app.py", line 1799, in dispatch_request
App 1884 output:     return self.view_functions[rule.endpoint](**req.view_args)
App 1884 output:   File "/home/jean/Documents/scrape/scrapeapp/hello.py", line 14, in hello
App 1884 output:     lister = pythonFile.db(outputter)
App 1884 output:   File "/home/jean/Documents/scrape/scrapeapp/pythonFile.py", line 13, in db
App 1884 output:     soup = BeautifulSoup(page.data, "lxml")
App 1884 output:   File "/home/jean/Documents/scrape/env/scrapeapp/lib/python3.5/site-packages/bs4/__init__.py", line 165, in __init__
App 1884 output:     % ",".join(features))
App 1884 output: bs4.FeatureNotFound: Couldn't find a tree builder with the features you requested: lxml. Do you need to install a parser library?

[ N 2018-05-17 23:27:07.2865 1849/T8 age/Cor/CoreMain.cpp:615 ]: Signal received. Gracefully shutting down... (send signal 2 more time(s) to force shutdown)
[ N 2018-05-17 23:27:07.2866 1849/T1 age/Cor/CoreMain.cpp:1148 ]: Received command to shutdown gracefully. Waiting until all clients have disconnected...
[ N 2018-05-17 23:27:07.2867 1849/T1 age/Cor/CoreMain.cpp:1062 ]: Checking whether to disconnect long-running connections for process 1884, application /home/jean/Documents/scrape/scrapeapp (development)
[ N 2018-05-17 23:27:07.2869 1849/Ta Ser/Server.h:903 ]: [ServerThr.2] Freed 0 spare client objects
[ N 2018-05-17 23:27:07.2870 1849/Ta Ser/Server.h:559 ]: [ServerThr.2] Shutdown finished
[ N 2018-05-17 23:27:07.2870 1849/T8 Ser/Server.h:903 ]: [ServerThr.1] Freed 0 spare client objects
[ N 2018-05-17 23:27:07.2870 1849/Tc Ser/Server.h:903 ]: [ApiServer] Freed 0 spare client objects
[ N 2018-05-17 23:27:07.2870 1849/T8 Ser/Server.h:559 ]: [ServerThr.1] Shutdown finished
[ N 2018-05-17 23:27:07.2870 1849/Tc Ser/Server.h:559 ]: [ApiServer] Shutdown finished
[ N 2018-05-17 23:27:07.2871 1849/T1 age/Cor/CoreMain.cpp:1062 ]: Checking whether to disconnect long-running connections for process 1884, application /home/jean/Documents/scrape/scrapeapp (development)
[ N 2018-05-17 23:27:07.4191 1849/T1 age/Cor/CoreMain.cpp:1221 ]: Passenger core shutdown finished
[ N 2018-05-17 23:27:50.7948 2033/T1 age/Wat/WatchdogMain.cpp:1259 ]: Starting Passenger watchdog...
[ N 2018-05-17 23:27:50.8248 2036/T1 age/Cor/CoreMain.cpp:1236 ]: Starting Passenger core...
[ N 2018-05-17 23:27:50.8251 2036/T1 age/Cor/CoreMain.cpp:251 ]: Passenger core running in multi-application mode.
[ N 2018-05-17 23:27:50.8373 2036/T1 age/Cor/CoreMain.cpp:971 ]: Passenger core online, PID 2036
[ N 2018-05-17 23:27:53.2411 2036/T5 age/Cor/SecurityUpdateChecker.h:517 ]: Security update check: no update found (next check in 24 hours)

[ N 2018-05-17 23:32:37.3248 2036/T8 age/Cor/CoreMain.cpp:615 ]: Signal received. Gracefully shutting down... (send signal 2 more time(s) to force shutdown)
[ N 2018-05-17 23:32:37.3259 2036/T1 age/Cor/CoreMain.cpp:1148 ]: Received command to shutdown gracefully. Waiting until all clients have disconnected...
[ N 2018-05-17 23:32:37.3284 2036/T1 age/Cor/CoreMain.cpp:1062 ]: Checking whether to disconnect long-running connections for process 2071, application /home/jean/Documents/scrape/scrapeapp (development)
[ N 2018-05-17 23:32:37.3291 2036/T8 Ser/Server.h:903 ]: [ServerThr.1] Freed 0 spare client objects
[ N 2018-05-17 23:32:37.3292 2036/Ta Ser/Server.h:903 ]: [ServerThr.2] Freed 0 spare client objects
[ N 2018-05-17 23:32:37.3292 2036/T8 Ser/Server.h:559 ]: [ServerThr.1] Shutdown finished
[ N 2018-05-17 23:32:37.3292 2036/Ta Ser/Server.h:559 ]: [ServerThr.2] Shutdown finished
[ N 2018-05-17 23:32:37.3295 2036/Tc Ser/Server.h:903 ]: [ApiServer] Freed 0 spare client objects
[ N 2018-05-17 23:32:37.3295 2036/Tc Ser/Server.h:559 ]: [ApiServer] Shutdown finished
[ N 2018-05-17 23:32:37.3296 2036/T1 age/Cor/CoreMain.cpp:1062 ]: Checking whether to disconnect long-running connections for process 2071, application /home/jean/Documents/scrape/scrapeapp (development)
[ N 2018-05-17 23:32:37.4620 2036/T1 age/Cor/CoreMain.cpp:1221 ]: Passenger core shutdown finished
[ N 2018-05-21 16:30:41.4189 12964/T1 age/Wat/WatchdogMain.cpp:1259 ]: Starting Passenger watchdog...
[ N 2018-05-21 16:30:41.5660 12967/T1 age/Cor/CoreMain.cpp:1236 ]: Starting Passenger core...
[ N 2018-05-21 16:30:41.5842 12967/T1 age/Cor/CoreMain.cpp:251 ]: Passenger core running in multi-application mode.
[ N 2018-05-21 16:30:41.6315 12967/T1 age/Cor/CoreMain.cpp:971 ]: Passenger core online, PID 12967
[ N 2018-05-21 16:30:44.3845 12967/T5 age/Cor/SecurityUpdateChecker.h:517 ]: Security update check: no update found (next check in 24 hours)
[ N 2018-05-21 16:35:51.8479 12967/T3 age/Cor/CoreMain.cpp:1062 ]: Checking whether to disconnect long-running connections for process 13053, application /home/jean/Documents/scrape/scrapeapp (development)

[ N 2018-05-21 16:36:27.5086 12967/T7 age/Cor/CoreMain.cpp:615 ]: Signal received. Gracefully shutting down... (send signal 2 more time(s) to force shutdown)
[ N 2018-05-21 16:36:27.5087 12967/T1 age/Cor/CoreMain.cpp:1148 ]: Received command to shutdown gracefully. Waiting until all clients have disconnected...
[ N 2018-05-21 16:36:27.5087 12967/T1 age/Cor/CoreMain.cpp:1062 ]: Checking whether to disconnect long-running connections for process 13001, application /home/jean/Documents/scrape/scrapeapp (development)
[ N 2018-05-21 16:36:27.5088 12967/T9 Ser/Server.h:903 ]: [ServerThr.2] Freed 0 spare client objects
[ N 2018-05-21 16:36:27.5088 12967/T7 Ser/Server.h:903 ]: [ServerThr.1] Freed 0 spare client objects
[ N 2018-05-21 16:36:27.5089 12967/T9 Ser/Server.h:559 ]: [ServerThr.2] Shutdown finished
[ N 2018-05-21 16:36:27.5089 12967/T7 Ser/Server.h:559 ]: [ServerThr.1] Shutdown finished
[ N 2018-05-21 16:36:27.5090 12967/Tc Ser/Server.h:903 ]: [ApiServer] Freed 0 spare client objects
[ N 2018-05-21 16:36:27.5090 12967/Tc Ser/Server.h:559 ]: [ApiServer] Shutdown finished
[ N 2018-05-21 16:36:27.5091 12967/T1 age/Cor/CoreMain.cpp:1062 ]: Checking whether to disconnect long-running connections for process 13001, application /home/jean/Documents/scrape/scrapeapp (development)
[ N 2018-05-21 16:36:27.6520 12967/T1 age/Cor/CoreMain.cpp:1221 ]: Passenger core shutdown finished
[ N 2018-05-21 16:36:29.1569 13306/T1 age/Wat/WatchdogMain.cpp:1259 ]: Starting Passenger watchdog...
[ N 2018-05-21 16:36:29.1866 13309/T1 age/Cor/CoreMain.cpp:1236 ]: Starting Passenger core...
[ N 2018-05-21 16:36:29.1868 13309/T1 age/Cor/CoreMain.cpp:251 ]: Passenger core running in multi-application mode.
[ N 2018-05-21 16:36:29.1988 13309/T1 age/Cor/CoreMain.cpp:971 ]: Passenger core online, PID 13309
[ N 2018-05-21 16:36:32.9920 13309/T5 age/Cor/SecurityUpdateChecker.h:517 ]: Security update check: no update found (next check in 24 hours)

[ N 2018-05-21 16:38:36.2258 13309/T8 age/Cor/CoreMain.cpp:615 ]: Signal received. Gracefully shutting down... (send signal 2 more time(s) to force shutdown)
[ N 2018-05-21 16:38:36.2259 13309/T1 age/Cor/CoreMain.cpp:1148 ]: Received command to shutdown gracefully. Waiting until all clients have disconnected...
[ N 2018-05-21 16:38:36.2270 13309/T1 age/Cor/CoreMain.cpp:1062 ]: Checking whether to disconnect long-running connections for process 13343, application /home/jean/Documents/scrape/scrapeapp (development)
[ N 2018-05-21 16:38:36.2273 13309/T8 Ser/Server.h:903 ]: [ServerThr.1] Freed 0 spare client objects
[ N 2018-05-21 16:38:36.2273 13309/T8 Ser/Server.h:559 ]: [ServerThr.1] Shutdown finished
[ N 2018-05-21 16:38:36.2274 13309/Ta Ser/Server.h:903 ]: [ServerThr.2] Freed 0 spare client objects
[ N 2018-05-21 16:38:36.2274 13309/Ta Ser/Server.h:559 ]: [ServerThr.2] Shutdown finished
[ N 2018-05-21 16:38:36.2312 13309/Tc Ser/Server.h:903 ]: [ApiServer] Freed 0 spare client objects
[ N 2018-05-21 16:38:36.2313 13309/Tc Ser/Server.h:559 ]: [ApiServer] Shutdown finished
[ N 2018-05-21 16:38:36.2315 13309/T1 age/Cor/CoreMain.cpp:1062 ]: Checking whether to disconnect long-running connections for process 13343, application /home/jean/Documents/scrape/scrapeapp (development)
[ N 2018-05-21 16:38:36.3641 13309/T1 age/Cor/CoreMain.cpp:1221 ]: Passenger core shutdown finished
[ N 2018-05-21 16:38:37.8376 13459/T1 age/Wat/WatchdogMain.cpp:1259 ]: Starting Passenger watchdog...
[ N 2018-05-21 16:38:37.8674 13462/T1 age/Cor/CoreMain.cpp:1236 ]: Starting Passenger core...
[ N 2018-05-21 16:38:37.8676 13462/T1 age/Cor/CoreMain.cpp:251 ]: Passenger core running in multi-application mode.
[ N 2018-05-21 16:38:37.8796 13462/T1 age/Cor/CoreMain.cpp:971 ]: Passenger core online, PID 13462
[ N 2018-05-21 16:38:40.1381 13462/T5 age/Cor/SecurityUpdateChecker.h:517 ]: Security update check: no update found (next check in 24 hours)

[ N 2018-05-21 16:40:17.1635 13462/T8 age/Cor/CoreMain.cpp:615 ]: Signal received. Gracefully shutting down... (send signal 2 more time(s) to force shutdown)
[ N 2018-05-21 16:40:17.1641 13462/T1 age/Cor/CoreMain.cpp:1148 ]: Received command to shutdown gracefully. Waiting until all clients have disconnected...
[ N 2018-05-21 16:40:17.1642 13462/T1 age/Cor/CoreMain.cpp:1062 ]: Checking whether to disconnect long-running connections for process 13496, application /home/jean/Documents/scrape/scrapeapp (development)
[ N 2018-05-21 16:40:17.1647 13462/Tc Ser/Server.h:903 ]: [ApiServer] Freed 0 spare client objects
[ N 2018-05-21 16:40:17.1647 13462/Tc Ser/Server.h:559 ]: [ApiServer] Shutdown finished
[ N 2018-05-21 16:40:17.1648 13462/Ta Ser/Server.h:903 ]: [ServerThr.2] Freed 0 spare client objects
[ N 2018-05-21 16:40:17.1649 13462/T8 Ser/Server.h:903 ]: [ServerThr.1] Freed 0 spare client objects
[ N 2018-05-21 16:40:17.1649 13462/T8 Ser/Server.h:559 ]: [ServerThr.1] Shutdown finished
[ N 2018-05-21 16:40:17.1650 13462/Ta Ser/Server.h:559 ]: [ServerThr.2] Shutdown finished
[ N 2018-05-21 16:40:17.1651 13462/T1 age/Cor/CoreMain.cpp:1062 ]: Checking whether to disconnect long-running connections for process 13496, application /home/jean/Documents/scrape/scrapeapp (development)
[ N 2018-05-21 16:40:17.3077 13462/T1 age/Cor/CoreMain.cpp:1221 ]: Passenger core shutdown finished
[ N 2018-05-21 16:40:20.2666 13625/T1 age/Wat/WatchdogMain.cpp:1259 ]: Starting Passenger watchdog...
[ N 2018-05-21 16:40:20.2965 13628/T1 age/Cor/CoreMain.cpp:1236 ]: Starting Passenger core...
[ N 2018-05-21 16:40:20.2968 13628/T1 age/Cor/CoreMain.cpp:251 ]: Passenger core running in multi-application mode.
[ N 2018-05-21 16:40:20.3087 13628/T1 age/Cor/CoreMain.cpp:971 ]: Passenger core online, PID 13628
[ N 2018-05-21 16:40:22.6146 13628/T5 age/Cor/SecurityUpdateChecker.h:517 ]: Security update check: no update found (next check in 24 hours)

[ N 2018-05-21 16:41:36.3731 13628/T8 age/Cor/CoreMain.cpp:615 ]: Signal received. Gracefully shutting down... (send signal 2 more time(s) to force shutdown)
[ N 2018-05-21 16:41:36.3743 13628/T1 age/Cor/CoreMain.cpp:1148 ]: Received command to shutdown gracefully. Waiting until all clients have disconnected...
[ N 2018-05-21 16:41:36.3745 13628/T1 age/Cor/CoreMain.cpp:1062 ]: Checking whether to disconnect long-running connections for process 13663, application /home/jean/Documents/scrape/scrapeapp (development)
[ N 2018-05-21 16:41:36.3747 13628/Ta Ser/Server.h:903 ]: [ServerThr.2] Freed 0 spare client objects
[ N 2018-05-21 16:41:36.3747 13628/T8 Ser/Server.h:903 ]: [ServerThr.1] Freed 0 spare client objects
[ N 2018-05-21 16:41:36.3748 13628/Ta Ser/Server.h:559 ]: [ServerThr.2] Shutdown finished
[ N 2018-05-21 16:41:36.3748 13628/T8 Ser/Server.h:559 ]: [ServerThr.1] Shutdown finished
[ N 2018-05-21 16:41:36.3750 13628/Tc Ser/Server.h:903 ]: [ApiServer] Freed 0 spare client objects
[ N 2018-05-21 16:41:36.3750 13628/Tc Ser/Server.h:559 ]: [ApiServer] Shutdown finished
[ N 2018-05-21 16:41:36.3751 13628/T1 age/Cor/CoreMain.cpp:1062 ]: Checking whether to disconnect long-running connections for process 13663, application /home/jean/Documents/scrape/scrapeapp (development)
[ N 2018-05-21 16:41:36.5096 13628/T1 age/Cor/CoreMain.cpp:1221 ]: Passenger core shutdown finished
[ N 2018-05-21 16:41:38.4030 13752/T1 age/Wat/WatchdogMain.cpp:1259 ]: Starting Passenger watchdog...
[ N 2018-05-21 16:41:38.4329 13755/T1 age/Cor/CoreMain.cpp:1236 ]: Starting Passenger core...
[ N 2018-05-21 16:41:38.4331 13755/T1 age/Cor/CoreMain.cpp:251 ]: Passenger core running in multi-application mode.
[ N 2018-05-21 16:41:38.4451 13755/T1 age/Cor/CoreMain.cpp:971 ]: Passenger core online, PID 13755
[ N 2018-05-21 16:41:40.6998 13755/T5 age/Cor/SecurityUpdateChecker.h:517 ]: Security update check: no update found (next check in 24 hours)

[ N 2018-05-21 16:43:40.4124 13755/T8 age/Cor/CoreMain.cpp:615 ]: Signal received. Gracefully shutting down... (send signal 2 more time(s) to force shutdown)
[ N 2018-05-21 16:43:40.4125 13755/T1 age/Cor/CoreMain.cpp:1148 ]: Received command to shutdown gracefully. Waiting until all clients have disconnected...
[ N 2018-05-21 16:43:40.4125 13755/T1 age/Cor/CoreMain.cpp:1062 ]: Checking whether to disconnect long-running connections for process 13789, application /home/jean/Documents/scrape/scrapeapp (development)
[ N 2018-05-21 16:43:40.4127 13755/Ta Ser/Server.h:903 ]: [ServerThr.2] Freed 0 spare client objects
[ N 2018-05-21 16:43:40.4127 13755/T8 Ser/Server.h:903 ]: [ServerThr.1] Freed 0 spare client objects
[ N 2018-05-21 16:43:40.4127 13755/Ta Ser/Server.h:559 ]: [ServerThr.2] Shutdown finished
[ N 2018-05-21 16:43:40.4127 13755/T8 Ser/Server.h:559 ]: [ServerThr.1] Shutdown finished
[ N 2018-05-21 16:43:40.4128 13755/Tc Ser/Server.h:903 ]: [ApiServer] Freed 0 spare client objects
[ N 2018-05-21 16:43:40.4128 13755/Tc Ser/Server.h:559 ]: [ApiServer] Shutdown finished
[ N 2018-05-21 16:43:40.4129 13755/T1 age/Cor/CoreMain.cpp:1062 ]: Checking whether to disconnect long-running connections for process 13789, application /home/jean/Documents/scrape/scrapeapp (development)
[ N 2018-05-21 16:43:40.5454 13755/T1 age/Cor/CoreMain.cpp:1221 ]: Passenger core shutdown finished
[ N 2018-05-21 16:43:42.7149 13920/T1 age/Wat/WatchdogMain.cpp:1259 ]: Starting Passenger watchdog...
[ N 2018-05-21 16:43:42.7451 13923/T1 age/Cor/CoreMain.cpp:1236 ]: Starting Passenger core...
[ N 2018-05-21 16:43:42.7454 13923/T1 age/Cor/CoreMain.cpp:251 ]: Passenger core running in multi-application mode.
[ N 2018-05-21 16:43:42.7574 13923/T1 age/Cor/CoreMain.cpp:971 ]: Passenger core online, PID 13923
[ N 2018-05-21 16:43:45.0477 13923/T5 age/Cor/SecurityUpdateChecker.h:517 ]: Security update check: no update found (next check in 24 hours)

[ N 2018-05-21 16:45:29.5740 13923/T8 age/Cor/CoreMain.cpp:615 ]: Signal received. Gracefully shutting down... (send signal 2 more time(s) to force shutdown)
[ N 2018-05-21 16:45:29.5742 13923/T1 age/Cor/CoreMain.cpp:1148 ]: Received command to shutdown gracefully. Waiting until all clients have disconnected...
[ N 2018-05-21 16:45:29.5743 13923/T1 age/Cor/CoreMain.cpp:1062 ]: Checking whether to disconnect long-running connections for process 13957, application /home/jean/Documents/scrape/scrapeapp (development)
[ N 2018-05-21 16:45:29.5745 13923/T8 Ser/Server.h:903 ]: [ServerThr.1] Freed 0 spare client objects
[ N 2018-05-21 16:45:29.5745 13923/T8 Ser/Server.h:559 ]: [ServerThr.1] Shutdown finished
[ N 2018-05-21 16:45:29.5751 13923/Ta Ser/Server.h:903 ]: [ServerThr.2] Freed 0 spare client objects
[ N 2018-05-21 16:45:29.5752 13923/Ta Ser/Server.h:559 ]: [ServerThr.2] Shutdown finished
[ N 2018-05-21 16:45:29.5758 13923/Tc Ser/Server.h:903 ]: [ApiServer] Freed 0 spare client objects
[ N 2018-05-21 16:45:29.5758 13923/Tc Ser/Server.h:559 ]: [ApiServer] Shutdown finished
[ N 2018-05-21 16:45:29.5759 13923/T1 age/Cor/CoreMain.cpp:1062 ]: Checking whether to disconnect long-running connections for process 13957, application /home/jean/Documents/scrape/scrapeapp (development)
[ N 2018-05-21 16:45:29.7196 13923/T1 age/Cor/CoreMain.cpp:1221 ]: Passenger core shutdown finished
[ N 2018-05-21 16:45:31.1316 14062/T1 age/Wat/WatchdogMain.cpp:1259 ]: Starting Passenger watchdog...
[ N 2018-05-21 16:45:31.1617 14065/T1 age/Cor/CoreMain.cpp:1236 ]: Starting Passenger core...
[ N 2018-05-21 16:45:31.1619 14065/T1 age/Cor/CoreMain.cpp:251 ]: Passenger core running in multi-application mode.
[ N 2018-05-21 16:45:31.1739 14065/T1 age/Cor/CoreMain.cpp:971 ]: Passenger core online, PID 14065
[ N 2018-05-21 16:45:34.5814 14065/T5 age/Cor/SecurityUpdateChecker.h:517 ]: Security update check: no update found (next check in 24 hours)

[ N 2018-05-21 16:46:05.8819 14065/T8 age/Cor/CoreMain.cpp:615 ]: Signal received. Gracefully shutting down... (send signal 2 more time(s) to force shutdown)
[ N 2018-05-21 16:46:05.8820 14065/T1 age/Cor/CoreMain.cpp:1148 ]: Received command to shutdown gracefully. Waiting until all clients have disconnected...
[ N 2018-05-21 16:46:05.8821 14065/T1 age/Cor/CoreMain.cpp:1062 ]: Checking whether to disconnect long-running connections for process 14099, application /home/jean/Documents/scrape/scrapeapp (development)
[ N 2018-05-21 16:46:05.8823 14065/Ta Ser/Server.h:903 ]: [ServerThr.2] Freed 0 spare client objects
[ N 2018-05-21 16:46:05.8824 14065/Ta Ser/Server.h:559 ]: [ServerThr.2] Shutdown finished
[ N 2018-05-21 16:46:05.8826 14065/T8 Ser/Server.h:903 ]: [ServerThr.1] Freed 0 spare client objects
[ N 2018-05-21 16:46:05.8826 14065/T8 Ser/Server.h:559 ]: [ServerThr.1] Shutdown finished
[ N 2018-05-21 16:46:05.8828 14065/Tc Ser/Server.h:903 ]: [ApiServer] Freed 0 spare client objects
[ N 2018-05-21 16:46:05.8828 14065/Tc Ser/Server.h:559 ]: [ApiServer] Shutdown finished
[ N 2018-05-21 16:46:05.8830 14065/T1 age/Cor/CoreMain.cpp:1062 ]: Checking whether to disconnect long-running connections for process 14099, application /home/jean/Documents/scrape/scrapeapp (development)
[ N 2018-05-21 16:46:06.0275 14065/T1 age/Cor/CoreMain.cpp:1221 ]: Passenger core shutdown finished
[ N 2018-05-21 16:46:07.0599 14170/T1 age/Wat/WatchdogMain.cpp:1259 ]: Starting Passenger watchdog...
[ N 2018-05-21 16:46:07.0893 14173/T1 age/Cor/CoreMain.cpp:1236 ]: Starting Passenger core...
[ N 2018-05-21 16:46:07.0895 14173/T1 age/Cor/CoreMain.cpp:251 ]: Passenger core running in multi-application mode.
[ N 2018-05-21 16:46:07.1016 14173/T1 age/Cor/CoreMain.cpp:971 ]: Passenger core online, PID 14173
[ N 2018-05-21 16:46:09.3754 14173/T5 age/Cor/SecurityUpdateChecker.h:517 ]: Security update check: no update found (next check in 24 hours)

[ N 2018-05-21 16:48:21.5269 14173/T8 age/Cor/CoreMain.cpp:615 ]: Signal received. Gracefully shutting down... (send signal 2 more time(s) to force shutdown)
[ N 2018-05-21 16:48:21.5269 14173/T1 age/Cor/CoreMain.cpp:1148 ]: Received command to shutdown gracefully. Waiting until all clients have disconnected...
[ N 2018-05-21 16:48:21.5269 14173/T1 age/Cor/CoreMain.cpp:1062 ]: Checking whether to disconnect long-running connections for process 14207, application /home/jean/Documents/scrape/scrapeapp (development)
[ N 2018-05-21 16:48:21.5270 14173/T8 Ser/Server.h:903 ]: [ServerThr.1] Freed 0 spare client objects
[ N 2018-05-21 16:48:21.5270 14173/T8 Ser/Server.h:559 ]: [ServerThr.1] Shutdown finished
[ N 2018-05-21 16:48:21.5271 14173/Ta Ser/Server.h:903 ]: [ServerThr.2] Freed 0 spare client objects
[ N 2018-05-21 16:48:21.5271 14173/Ta Ser/Server.h:559 ]: [ServerThr.2] Shutdown finished
[ N 2018-05-21 16:48:21.5272 14173/Tc Ser/Server.h:903 ]: [ApiServer] Freed 0 spare client objects
[ N 2018-05-21 16:48:21.5272 14173/Tc Ser/Server.h:559 ]: [ApiServer] Shutdown finished
[ N 2018-05-21 16:48:21.5273 14173/T1 age/Cor/CoreMain.cpp:1062 ]: Checking whether to disconnect long-running connections for process 14207, application /home/jean/Documents/scrape/scrapeapp (development)
[ N 2018-05-21 16:48:21.6682 14173/T1 age/Cor/CoreMain.cpp:1221 ]: Passenger core shutdown finished
[ N 2018-05-21 16:48:22.8663 14328/T1 age/Wat/WatchdogMain.cpp:1259 ]: Starting Passenger watchdog...
[ N 2018-05-21 16:48:22.8976 14331/T1 age/Cor/CoreMain.cpp:1236 ]: Starting Passenger core...
[ N 2018-05-21 16:48:22.8979 14331/T1 age/Cor/CoreMain.cpp:251 ]: Passenger core running in multi-application mode.
[ N 2018-05-21 16:48:22.9104 14331/T1 age/Cor/CoreMain.cpp:971 ]: Passenger core online, PID 14331
[ N 2018-05-21 16:48:25.1631 14331/T5 age/Cor/SecurityUpdateChecker.h:517 ]: Security update check: no update found (next check in 24 hours)

[ N 2018-05-21 16:48:37.3086 14331/T8 age/Cor/CoreMain.cpp:615 ]: Signal received. Gracefully shutting down... (send signal 2 more time(s) to force shutdown)
[ N 2018-05-21 16:48:37.3086 14331/T1 age/Cor/CoreMain.cpp:1148 ]: Received command to shutdown gracefully. Waiting until all clients have disconnected...
[ N 2018-05-21 16:48:37.3086 14331/T1 age/Cor/CoreMain.cpp:1062 ]: Checking whether to disconnect long-running connections for process 14365, application /home/jean/Documents/scrape/scrapeapp (development)
[ N 2018-05-21 16:48:37.3087 14331/Ta Ser/Server.h:903 ]: [ServerThr.2] Freed 0 spare client objects
[ N 2018-05-21 16:48:37.3088 14331/Ta Ser/Server.h:559 ]: [ServerThr.2] Shutdown finished
[ N 2018-05-21 16:48:37.3088 14331/T8 Ser/Server.h:903 ]: [ServerThr.1] Freed 0 spare client objects
[ N 2018-05-21 16:48:37.3088 14331/T8 Ser/Server.h:559 ]: [ServerThr.1] Shutdown finished
[ N 2018-05-21 16:48:37.3089 14331/Tc Ser/Server.h:903 ]: [ApiServer] Freed 0 spare client objects
[ N 2018-05-21 16:48:37.3089 14331/Tc Ser/Server.h:559 ]: [ApiServer] Shutdown finished
[ N 2018-05-21 16:48:37.3123 14331/T1 age/Cor/CoreMain.cpp:1062 ]: Checking whether to disconnect long-running connections for process 14365, application /home/jean/Documents/scrape/scrapeapp (development)
[ N 2018-05-21 16:48:37.4627 14331/T1 age/Cor/CoreMain.cpp:1221 ]: Passenger core shutdown finished
[ N 2018-05-21 18:15:45.9435 14973/T1 age/Wat/WatchdogMain.cpp:1259 ]: Starting Passenger watchdog...
[ N 2018-05-21 18:15:45.9741 14976/T1 age/Cor/CoreMain.cpp:1236 ]: Starting Passenger core...
[ N 2018-05-21 18:15:45.9743 14976/T1 age/Cor/CoreMain.cpp:251 ]: Passenger core running in multi-application mode.
[ N 2018-05-21 18:15:45.9875 14976/T1 age/Cor/CoreMain.cpp:971 ]: Passenger core online, PID 14976
[ N 2018-05-21 18:15:48.4452 14976/T5 age/Cor/SecurityUpdateChecker.h:517 ]: Security update check: no update found (next check in 24 hours)

[ N 2018-05-21 22:04:09.9251 14976/T8 age/Cor/CoreMain.cpp:615 ]: Signal received. Gracefully shutting down... (send signal 2 more time(s) to force shutdown)
[ N 2018-05-21 22:04:09.9252 14976/T1 age/Cor/CoreMain.cpp:1148 ]: Received command to shutdown gracefully. Waiting until all clients have disconnected...
[ N 2018-05-21 22:04:09.9253 14976/T1 age/Cor/CoreMain.cpp:1062 ]: Checking whether to disconnect long-running connections for process 15010, application /home/jean/Documents/scrape/scrapeapp (development)
[ N 2018-05-21 22:04:09.9254 14976/T9 Ser/Server.h:903 ]: [ServerThr.2] Freed 0 spare client objects
[ N 2018-05-21 22:04:09.9254 14976/T9 Ser/Server.h:559 ]: [ServerThr.2] Shutdown finished
[ N 2018-05-21 22:04:09.9254 14976/T8 Ser/Server.h:903 ]: [ServerThr.1] Freed 0 spare client objects
[ N 2018-05-21 22:04:09.9255 14976/T8 Ser/Server.h:559 ]: [ServerThr.1] Shutdown finished
[ N 2018-05-21 22:04:09.9255 14976/Tc Ser/Server.h:903 ]: [ApiServer] Freed 0 spare client objects
[ N 2018-05-21 22:04:09.9255 14976/Tc Ser/Server.h:559 ]: [ApiServer] Shutdown finished
[ N 2018-05-21 22:04:09.9256 14976/T1 age/Cor/CoreMain.cpp:1062 ]: Checking whether to disconnect long-running connections for process 15010, application /home/jean/Documents/scrape/scrapeapp (development)
[ N 2018-05-21 22:04:10.3255 14976/T1 age/Cor/CoreMain.cpp:1221 ]: Passenger core shutdown finished
[ N 2018-05-21 22:04:13.4717 22663/T1 age/Wat/WatchdogMain.cpp:1259 ]: Starting Passenger watchdog...
[ N 2018-05-21 22:04:13.5272 22668/T1 age/Cor/CoreMain.cpp:1236 ]: Starting Passenger core...
[ N 2018-05-21 22:04:13.5275 22668/T1 age/Cor/CoreMain.cpp:251 ]: Passenger core running in multi-application mode.
[ N 2018-05-21 22:04:13.5448 22668/T1 age/Cor/CoreMain.cpp:971 ]: Passenger core online, PID 22668
[ N 2018-05-21 22:04:15.9759 22668/T8 age/Cor/SecurityUpdateChecker.h:517 ]: Security update check: no update found (next check in 24 hours)

[ N 2018-05-21 22:08:31.5687 22668/T6 age/Cor/CoreMain.cpp:615 ]: Signal received. Gracefully shutting down... (send signal 2 more time(s) to force shutdown)
[ N 2018-05-21 22:08:31.5688 22668/T1 age/Cor/CoreMain.cpp:1148 ]: Received command to shutdown gracefully. Waiting until all clients have disconnected...
[ N 2018-05-21 22:08:31.5688 22668/T1 age/Cor/CoreMain.cpp:1062 ]: Checking whether to disconnect long-running connections for process 22702, application /home/jean/Documents/scrape/scrapeapp (development)
[ N 2018-05-21 22:08:31.5689 22668/T6 Ser/Server.h:903 ]: [ServerThr.1] Freed 0 spare client objects
[ N 2018-05-21 22:08:31.5690 22668/T6 Ser/Server.h:559 ]: [ServerThr.1] Shutdown finished
[ N 2018-05-21 22:08:31.5690 22668/T9 Ser/Server.h:903 ]: [ServerThr.2] Freed 0 spare client objects
[ N 2018-05-21 22:08:31.5691 22668/T9 Ser/Server.h:559 ]: [ServerThr.2] Shutdown finished
[ N 2018-05-21 22:08:31.5691 22668/Tb Ser/Server.h:903 ]: [ApiServer] Freed 0 spare client objects
[ N 2018-05-21 22:08:31.5691 22668/Tb Ser/Server.h:559 ]: [ApiServer] Shutdown finished
[ N 2018-05-21 22:08:31.5692 22668/T1 age/Cor/CoreMain.cpp:1062 ]: Checking whether to disconnect long-running connections for process 22702, application /home/jean/Documents/scrape/scrapeapp (development)
[ N 2018-05-21 22:08:31.7082 22668/T1 age/Cor/CoreMain.cpp:1221 ]: Passenger core shutdown finished
[ N 2018-05-21 22:08:33.4337 22886/T1 age/Wat/WatchdogMain.cpp:1259 ]: Starting Passenger watchdog...
[ N 2018-05-21 22:08:33.4662 22889/T1 age/Cor/CoreMain.cpp:1236 ]: Starting Passenger core...
[ N 2018-05-21 22:08:33.4664 22889/T1 age/Cor/CoreMain.cpp:251 ]: Passenger core running in multi-application mode.
[ N 2018-05-21 22:08:33.4784 22889/T1 age/Cor/CoreMain.cpp:971 ]: Passenger core online, PID 22889
[ N 2018-05-21 22:08:35.7575 22889/T5 age/Cor/SecurityUpdateChecker.h:517 ]: Security update check: no update found (next check in 24 hours)

[ N 2018-05-21 22:09:34.8883 22889/T8 age/Cor/CoreMain.cpp:615 ]: Signal received. Gracefully shutting down... (send signal 2 more time(s) to force shutdown)
[ N 2018-05-21 22:09:34.8884 22889/T1 age/Cor/CoreMain.cpp:1148 ]: Received command to shutdown gracefully. Waiting until all clients have disconnected...
[ N 2018-05-21 22:09:34.8885 22889/T1 age/Cor/CoreMain.cpp:1062 ]: Checking whether to disconnect long-running connections for process 22923, application /home/jean/Documents/scrape/scrapeapp (development)
[ N 2018-05-21 22:09:34.8895 22889/T8 Ser/Server.h:903 ]: [ServerThr.1] Freed 0 spare client objects
[ N 2018-05-21 22:09:34.8896 22889/T8 Ser/Server.h:559 ]: [ServerThr.1] Shutdown finished
[ N 2018-05-21 22:09:34.8896 22889/Ta Ser/Server.h:903 ]: [ServerThr.2] Freed 0 spare client objects
[ N 2018-05-21 22:09:34.8896 22889/Ta Ser/Server.h:559 ]: [ServerThr.2] Shutdown finished
[ N 2018-05-21 22:09:34.8897 22889/Tc Ser/Server.h:903 ]: [ApiServer] Freed 0 spare client objects
[ N 2018-05-21 22:09:34.8897 22889/Tc Ser/Server.h:559 ]: [ApiServer] Shutdown finished
[ N 2018-05-21 22:09:34.8898 22889/T1 age/Cor/CoreMain.cpp:1062 ]: Checking whether to disconnect long-running connections for process 22923, application /home/jean/Documents/scrape/scrapeapp (development)
[ N 2018-05-21 22:09:35.0248 22889/T1 age/Cor/CoreMain.cpp:1221 ]: Passenger core shutdown finished
[ N 2018-05-21 22:09:37.4635 23035/T1 age/Wat/WatchdogMain.cpp:1259 ]: Starting Passenger watchdog...
[ N 2018-05-21 22:09:37.4957 23038/T1 age/Cor/CoreMain.cpp:1236 ]: Starting Passenger core...
[ N 2018-05-21 22:09:37.4960 23038/T1 age/Cor/CoreMain.cpp:251 ]: Passenger core running in multi-application mode.
[ N 2018-05-21 22:09:37.5091 23038/T1 age/Cor/CoreMain.cpp:971 ]: Passenger core online, PID 23038
[ N 2018-05-21 22:09:39.8505 23038/T5 age/Cor/SecurityUpdateChecker.h:517 ]: Security update check: no update found (next check in 24 hours)

[ N 2018-05-21 22:10:48.3580 23038/T8 age/Cor/CoreMain.cpp:615 ]: Signal received. Gracefully shutting down... (send signal 2 more time(s) to force shutdown)
[ N 2018-05-21 22:10:48.3580 23038/T1 age/Cor/CoreMain.cpp:1148 ]: Received command to shutdown gracefully. Waiting until all clients have disconnected...
[ N 2018-05-21 22:10:48.3580 23038/T1 age/Cor/CoreMain.cpp:1062 ]: Checking whether to disconnect long-running connections for process 23072, application /home/jean/Documents/scrape/scrapeapp (development)
[ N 2018-05-21 22:10:48.3581 23038/T8 Ser/Server.h:903 ]: [ServerThr.1] Freed 0 spare client objects
[ N 2018-05-21 22:10:48.3582 23038/T8 Ser/Server.h:559 ]: [ServerThr.1] Shutdown finished
[ N 2018-05-21 22:10:48.3582 23038/Ta Ser/Server.h:903 ]: [ServerThr.2] Freed 0 spare client objects
[ N 2018-05-21 22:10:48.3582 23038/Ta Ser/Server.h:559 ]: [ServerThr.2] Shutdown finished
[ N 2018-05-21 22:10:48.3583 23038/Tc Ser/Server.h:903 ]: [ApiServer] Freed 0 spare client objects
[ N 2018-05-21 22:10:48.3583 23038/Tc Ser/Server.h:559 ]: [ApiServer] Shutdown finished
[ N 2018-05-21 22:10:48.3584 23038/T1 age/Cor/CoreMain.cpp:1062 ]: Checking whether to disconnect long-running connections for process 23072, application /home/jean/Documents/scrape/scrapeapp (development)
[ N 2018-05-21 22:10:48.5010 23038/T1 age/Cor/CoreMain.cpp:1221 ]: Passenger core shutdown finished
[ N 2018-05-21 22:10:50.1304 23158/T1 age/Wat/WatchdogMain.cpp:1259 ]: Starting Passenger watchdog...
[ N 2018-05-21 22:10:50.1610 23161/T1 age/Cor/CoreMain.cpp:1236 ]: Starting Passenger core...
[ N 2018-05-21 22:10:50.1612 23161/T1 age/Cor/CoreMain.cpp:251 ]: Passenger core running in multi-application mode.
[ N 2018-05-21 22:10:50.1732 23161/T1 age/Cor/CoreMain.cpp:971 ]: Passenger core online, PID 23161
[ N 2018-05-21 22:10:52.6191 23161/T5 age/Cor/SecurityUpdateChecker.h:517 ]: Security update check: no update found (next check in 24 hours)

[ N 2018-05-21 22:11:53.7058 23161/T8 age/Cor/CoreMain.cpp:615 ]: Signal received. Gracefully shutting down... (send signal 2 more time(s) to force shutdown)
[ N 2018-05-21 22:11:53.7058 23161/T1 age/Cor/CoreMain.cpp:1148 ]: Received command to shutdown gracefully. Waiting until all clients have disconnected...
[ N 2018-05-21 22:11:53.7059 23161/T1 age/Cor/CoreMain.cpp:1062 ]: Checking whether to disconnect long-running connections for process 23195, application /home/jean/Documents/scrape/scrapeapp (development)
[ N 2018-05-21 22:11:53.7060 23161/Ta Ser/Server.h:903 ]: [ServerThr.2] Freed 0 spare client objects
[ N 2018-05-21 22:11:53.7060 23161/Ta Ser/Server.h:559 ]: [ServerThr.2] Shutdown finished
[ N 2018-05-21 22:11:53.7061 23161/T8 Ser/Server.h:903 ]: [ServerThr.1] Freed 0 spare client objects
[ N 2018-05-21 22:11:53.7061 23161/T8 Ser/Server.h:559 ]: [ServerThr.1] Shutdown finished
[ N 2018-05-21 22:11:53.7061 23161/Tc Ser/Server.h:903 ]: [ApiServer] Freed 0 spare client objects
[ N 2018-05-21 22:11:53.7061 23161/Tc Ser/Server.h:559 ]: [ApiServer] Shutdown finished
[ N 2018-05-21 22:11:53.7062 23161/T1 age/Cor/CoreMain.cpp:1062 ]: Checking whether to disconnect long-running connections for process 23195, application /home/jean/Documents/scrape/scrapeapp (development)
[ N 2018-05-21 22:11:53.8563 23161/T1 age/Cor/CoreMain.cpp:1221 ]: Passenger core shutdown finished
[ N 2018-05-21 22:11:55.6236 23284/T1 age/Wat/WatchdogMain.cpp:1259 ]: Starting Passenger watchdog...
[ N 2018-05-21 22:11:55.6555 23287/T1 age/Cor/CoreMain.cpp:1236 ]: Starting Passenger core...
[ N 2018-05-21 22:11:55.6558 23287/T1 age/Cor/CoreMain.cpp:251 ]: Passenger core running in multi-application mode.
[ N 2018-05-21 22:11:55.6682 23287/T1 age/Cor/CoreMain.cpp:971 ]: Passenger core online, PID 23287
[ N 2018-05-21 22:11:57.9905 23287/T5 age/Cor/SecurityUpdateChecker.h:517 ]: Security update check: no update found (next check in 24 hours)

[ N 2018-05-21 22:12:49.0073 23287/T8 age/Cor/CoreMain.cpp:615 ]: Signal received. Gracefully shutting down... (send signal 2 more time(s) to force shutdown)
[ N 2018-05-21 22:12:49.0073 23287/T1 age/Cor/CoreMain.cpp:1148 ]: Received command to shutdown gracefully. Waiting until all clients have disconnected...
[ N 2018-05-21 22:12:49.0073 23287/T1 age/Cor/CoreMain.cpp:1062 ]: Checking whether to disconnect long-running connections for process 23321, application /home/jean/Documents/scrape/scrapeapp (development)
[ N 2018-05-21 22:12:49.0074 23287/Ta Ser/Server.h:903 ]: [ServerThr.2] Freed 0 spare client objects
[ N 2018-05-21 22:12:49.0075 23287/Ta Ser/Server.h:559 ]: [ServerThr.2] Shutdown finished
[ N 2018-05-21 22:12:49.0075 23287/T8 Ser/Server.h:903 ]: [ServerThr.1] Freed 0 spare client objects
[ N 2018-05-21 22:12:49.0075 23287/T8 Ser/Server.h:559 ]: [ServerThr.1] Shutdown finished
[ N 2018-05-21 22:12:49.0076 23287/Tc Ser/Server.h:903 ]: [ApiServer] Freed 0 spare client objects
[ N 2018-05-21 22:12:49.0076 23287/Tc Ser/Server.h:559 ]: [ApiServer] Shutdown finished
[ N 2018-05-21 22:12:49.0077 23287/T1 age/Cor/CoreMain.cpp:1062 ]: Checking whether to disconnect long-running connections for process 23321, application /home/jean/Documents/scrape/scrapeapp (development)
[ N 2018-05-21 22:12:49.1480 23287/T1 age/Cor/CoreMain.cpp:1221 ]: Passenger core shutdown finished
[ N 2018-05-21 22:12:50.4922 23403/T1 age/Wat/WatchdogMain.cpp:1259 ]: Starting Passenger watchdog...
[ N 2018-05-21 22:12:50.5244 23406/T1 age/Cor/CoreMain.cpp:1236 ]: Starting Passenger core...
[ N 2018-05-21 22:12:50.5246 23406/T1 age/Cor/CoreMain.cpp:251 ]: Passenger core running in multi-application mode.
[ N 2018-05-21 22:12:50.5365 23406/T1 age/Cor/CoreMain.cpp:971 ]: Passenger core online, PID 23406
[ N 2018-05-21 22:12:52.8710 23406/T5 age/Cor/SecurityUpdateChecker.h:517 ]: Security update check: no update found (next check in 24 hours)

[ N 2018-05-21 22:13:43.5596 23406/T8 age/Cor/CoreMain.cpp:615 ]: Signal received. Gracefully shutting down... (send signal 2 more time(s) to force shutdown)
[ N 2018-05-21 22:13:43.5596 23406/T1 age/Cor/CoreMain.cpp:1148 ]: Received command to shutdown gracefully. Waiting until all clients have disconnected...
[ N 2018-05-21 22:13:43.5597 23406/T1 age/Cor/CoreMain.cpp:1062 ]: Checking whether to disconnect long-running connections for process 23440, application /home/jean/Documents/scrape/scrapeapp (development)
[ N 2018-05-21 22:13:43.5597 23406/T8 Ser/Server.h:903 ]: [ServerThr.1] Freed 0 spare client objects
[ N 2018-05-21 22:13:43.5598 23406/Ta Ser/Server.h:903 ]: [ServerThr.2] Freed 0 spare client objects
[ N 2018-05-21 22:13:43.5598 23406/T8 Ser/Server.h:559 ]: [ServerThr.1] Shutdown finished
[ N 2018-05-21 22:13:43.5598 23406/Ta Ser/Server.h:559 ]: [ServerThr.2] Shutdown finished
[ N 2018-05-21 22:13:43.5625 23406/Tc Ser/Server.h:903 ]: [ApiServer] Freed 0 spare client objects
[ N 2018-05-21 22:13:43.5626 23406/Tc Ser/Server.h:559 ]: [ApiServer] Shutdown finished
[ N 2018-05-21 22:13:43.5626 23406/T1 age/Cor/CoreMain.cpp:1062 ]: Checking whether to disconnect long-running connections for process 23440, application /home/jean/Documents/scrape/scrapeapp (development)
[ N 2018-05-21 22:13:43.7073 23406/T1 age/Cor/CoreMain.cpp:1221 ]: Passenger core shutdown finished
[ N 2018-05-21 22:13:44.9535 23519/T1 age/Wat/WatchdogMain.cpp:1259 ]: Starting Passenger watchdog...
[ N 2018-05-21 22:13:44.9852 23522/T1 age/Cor/CoreMain.cpp:1236 ]: Starting Passenger core...
[ N 2018-05-21 22:13:44.9854 23522/T1 age/Cor/CoreMain.cpp:251 ]: Passenger core running in multi-application mode.
[ N 2018-05-21 22:13:44.9998 23522/T1 age/Cor/CoreMain.cpp:971 ]: Passenger core online, PID 23522
[ N 2018-05-21 22:13:47.3607 23522/T5 age/Cor/SecurityUpdateChecker.h:517 ]: Security update check: no update found (next check in 24 hours)

[ N 2018-05-21 22:18:02.5925 23522/T8 age/Cor/CoreMain.cpp:615 ]: Signal received. Gracefully shutting down... (send signal 2 more time(s) to force shutdown)
[ N 2018-05-21 22:18:02.5926 23522/T1 age/Cor/CoreMain.cpp:1148 ]: Received command to shutdown gracefully. Waiting until all clients have disconnected...
[ N 2018-05-21 22:18:02.5926 23522/T1 age/Cor/CoreMain.cpp:1062 ]: Checking whether to disconnect long-running connections for process 23557, application /home/jean/Documents/scrape/scrapeapp (development)
[ N 2018-05-21 22:18:02.5927 23522/T8 Ser/Server.h:903 ]: [ServerThr.1] Freed 0 spare client objects
[ N 2018-05-21 22:18:02.5927 23522/T8 Ser/Server.h:559 ]: [ServerThr.1] Shutdown finished
[ N 2018-05-21 22:18:02.5927 23522/Ta Ser/Server.h:903 ]: [ServerThr.2] Freed 0 spare client objects
[ N 2018-05-21 22:18:02.5927 23522/Ta Ser/Server.h:559 ]: [ServerThr.2] Shutdown finished
[ N 2018-05-21 22:18:02.5929 23522/Tc Ser/Server.h:903 ]: [ApiServer] Freed 0 spare client objects
[ N 2018-05-21 22:18:02.5929 23522/Tc Ser/Server.h:559 ]: [ApiServer] Shutdown finished
[ N 2018-05-21 22:18:02.5929 23522/T1 age/Cor/CoreMain.cpp:1062 ]: Checking whether to disconnect long-running connections for process 23557, application /home/jean/Documents/scrape/scrapeapp (development)
[ N 2018-05-21 22:18:02.7461 23522/T1 age/Cor/CoreMain.cpp:1221 ]: Passenger core shutdown finished
